 
============================================================================ 
GESTOR DE TURNOS - INICIALIZACION 
Timestamp: 2025-12-26_11-26-16 
============================================================================ 
[PASO 1/5] Detectando procesos anteriores... 
    [] Se detecto proceso Python activo 
    [*] Deteniendo PID: 18380 
    [+] Procesos detenidos 
[PASO 2/5] Limpiando puertos en uso... 
    [+] Puertos limpiados 
[PASO 3/5] Verificando archivos necesarios... 
    [+] servidor_turnos.py OK 
    [+] nuevo_cuadrante_mejorado.html OK 
    [+] launcher_simple.py OK 
    [+] Todos los archivos verificados correctamente 
[PASO 4/5] Iniciando servidor... 

============================================================
                GESTOR DE TURNOS - INICIANDO                
============================================================

Traceback (most recent call last):
  File "C:\Users\samys\OneDrive\Nueva Carpeta\launcher_simple.py", line 95, in <module>
    main()
    ~~~~^^
  File "C:\Users\samys\OneDrive\Nueva Carpeta\launcher_simple.py", line 41, in main
    print("[+] Archivos verificados \u2713")
    ~~~~~^^^^^^^^^^^^^^^^^^^^^^^^^^^^^^
  File "C:\Users\samys\AppData\Local\Programs\Python\Python313\Lib\encodings\cp1252.py", line 19, in encode
    return codecs.charmap_encode(input,self.errors,encoding_table)[0]
           ~~~~~~~~~~~~~~~~~~~~~^^^^^^^^^^^^^^^^^^^^^^^^^^^^^^^^^^
UnicodeEncodeError: 'charmap' codec can't encode character '\u2713' in position 25: character maps to <undefined>
    [+] Servidor iniciado correctamente 
[PASO 5/5] Abriendo navegador... 
    [+] Navegador abierto 
Cierre: 26/12/2025 11:26:31,88 
============================================================================ 
